\BOOKMARK [1][-]{section.1}{Overview}{}% 1
\BOOKMARK [1][-]{section.2}{Tabs}{}% 2
\BOOKMARK [2][-]{subsection.2.1}{Tab Classes}{section.2}% 3
\BOOKMARK [2][-]{subsection.2.2}{Tab Usage}{section.2}% 4
\BOOKMARK [2][-]{subsection.2.3}{WebTab KISS URLs}{section.2}% 5
\BOOKMARK [1][-]{section.3}{Singletons}{}% 6
\BOOKMARK [2][-]{subsection.3.1}{Singleton Classes}{section.3}% 7
\BOOKMARK [1][-]{section.4}{Plugins}{}% 8
\BOOKMARK [2][-]{subsubsection.4.0.1}{Plugin Naming}{section.4}% 9
\BOOKMARK [2][-]{subsection.4.1}{Lexers}{section.4}% 10
\BOOKMARK [2][-]{subsection.4.2}{LexerManager Notes}{section.4}% 11
\BOOKMARK [1][-]{section.5}{KISS Archives}{}% 12
\BOOKMARK [2][-]{subsection.5.1}{CLI Interface}{section.5}% 13
\BOOKMARK [3][-]{subsubsection.5.1.1}{Example Creating KISS Archive}{subsection.5.1}% 14
\BOOKMARK [2][-]{subsection.5.2}{Repositories}{section.5}% 15
\BOOKMARK [3][-]{subsubsection.5.2.1}{Example available.lst}{subsection.5.2}% 16
\BOOKMARK [1][-]{section.6}{Targets}{}% 17
\BOOKMARK [2][-]{subsection.6.1}{Layout of a Target}{section.6}% 18
\BOOKMARK [3][-]{subsubsection.6.1.1}{Compiled Target Layout}{subsection.6.1}% 19
\BOOKMARK [2][-]{subsection.6.2}{Target File}{section.6}% 20
\BOOKMARK [3][-]{subsubsection.6.2.1}{Target File Options}{subsection.6.2}% 21
\BOOKMARK [2][-]{subsection.6.3}{CBCv2}{section.6}% 22
\BOOKMARK [1][-]{section.7}{Templates}{}% 23
\BOOKMARK [2][-]{subsection.7.1}{Template Metadata}{section.7}% 24
\BOOKMARK [1][-]{section.8}{Serial Communication with the CBC}{}% 25
\BOOKMARK [2][-]{subsection.8.1}{Commands}{section.8}% 26
\BOOKMARK [2][-]{subsection.8.2}{Useful References for Serial Communication}{section.8}% 27
\BOOKMARK [1][-]{section.9}{Building KISS}{}% 28
\BOOKMARK [2][-]{subsection.9.1}{Mac OS X}{section.9}% 29
\BOOKMARK [2][-]{subsection.9.2}{Windows}{section.9}% 30
\BOOKMARK [2][-]{subsection.9.3}{Linux}{section.9}% 31
